mode: set
github.com/omegastreamtv/spotify/albums.go:68.80,72.16 4 1
github.com/omegastreamtv/spotify/albums.go:72.16,74.3 1 0
github.com/omegastreamtv/spotify/albums.go:76.2,78.8 1 1
github.com/omegastreamtv/spotify/albums.go:98.99,109.16 5 1
github.com/omegastreamtv/spotify/albums.go:109.16,111.3 1 0
github.com/omegastreamtv/spotify/albums.go:113.2,113.21 1 1
github.com/omegastreamtv/spotify/albums.go:146.107,151.16 4 1
github.com/omegastreamtv/spotify/albums.go:151.16,153.3 1 0
github.com/omegastreamtv/spotify/albums.go:155.2,155.21 1 1
github.com/omegastreamtv/spotify/albums.go:161.50,161.51 0 0
github.com/omegastreamtv/spotify/albums.go:166.46,166.47 0 0
github.com/omegastreamtv/spotify/albums.go:171.48,171.49 0 0
github.com/omegastreamtv/spotify/albums.go:176.43,176.44 0 0
github.com/omegastreamtv/spotify/albums.go:179.36,179.37 0 0
github.com/omegastreamtv/spotify/artists.go:44.68,48.16 4 0
github.com/omegastreamtv/spotify/artists.go:48.16,50.3 1 0
github.com/omegastreamtv/spotify/artists.go:52.2,52.21 1 0
github.com/omegastreamtv/spotify/artists.go:65.86,74.16 5 0
github.com/omegastreamtv/spotify/artists.go:74.16,76.3 1 0
github.com/omegastreamtv/spotify/artists.go:78.2,78.22 1 0
github.com/omegastreamtv/spotify/artists.go:127.113,132.16 4 0
github.com/omegastreamtv/spotify/artists.go:132.16,134.3 1 0
github.com/omegastreamtv/spotify/artists.go:136.2,136.21 1 0
github.com/omegastreamtv/spotify/artists.go:154.122,159.16 4 0
github.com/omegastreamtv/spotify/artists.go:159.16,161.3 1 0
github.com/omegastreamtv/spotify/artists.go:163.2,163.21 1 0
github.com/omegastreamtv/spotify/artists.go:171.97,176.16 4 0
github.com/omegastreamtv/spotify/artists.go:176.16,178.3 1 0
github.com/omegastreamtv/spotify/artists.go:180.2,180.22 1 0
github.com/omegastreamtv/spotify/audiobooks.go:81.92,91.16 5 0
github.com/omegastreamtv/spotify/audiobooks.go:91.16,93.3 1 0
github.com/omegastreamtv/spotify/audiobooks.go:95.2,95.24 1 0
github.com/omegastreamtv/spotify/audiobooks.go:117.107,128.16 5 0
github.com/omegastreamtv/spotify/audiobooks.go:128.16,130.3 1 0
github.com/omegastreamtv/spotify/audiobooks.go:132.2,132.25 1 0
github.com/omegastreamtv/spotify/audiobooks.go:157.124,163.16 4 0
github.com/omegastreamtv/spotify/audiobooks.go:163.16,165.3 1 0
github.com/omegastreamtv/spotify/audiobooks.go:167.2,167.23 1 0
github.com/omegastreamtv/spotify/audiobooks.go:185.107,196.16 5 0
github.com/omegastreamtv/spotify/audiobooks.go:196.16,198.3 1 0
github.com/omegastreamtv/spotify/audiobooks.go:200.2,200.25 1 0
github.com/omegastreamtv/spotify/audiobooks.go:218.67,232.16 6 0
github.com/omegastreamtv/spotify/audiobooks.go:232.16,234.3 1 0
github.com/omegastreamtv/spotify/audiobooks.go:236.2,236.12 1 0
github.com/omegastreamtv/spotify/audiobooks.go:247.65,257.16 5 0
github.com/omegastreamtv/spotify/audiobooks.go:257.16,259.3 1 0
github.com/omegastreamtv/spotify/audiobooks.go:261.2,261.12 1 0
github.com/omegastreamtv/spotify/audiobooks.go:272.64,282.16 5 0
github.com/omegastreamtv/spotify/audiobooks.go:282.16,284.3 1 0
github.com/omegastreamtv/spotify/audiobooks.go:286.2,286.12 1 0
github.com/omegastreamtv/spotify/categories.go:4.48,4.49 0 0
github.com/omegastreamtv/spotify/categories.go:7.45,7.46 0 0
github.com/omegastreamtv/spotify/chapters.go:79.86,89.16 5 0
github.com/omegastreamtv/spotify/chapters.go:89.16,91.3 1 0
github.com/omegastreamtv/spotify/chapters.go:93.2,93.22 1 0
github.com/omegastreamtv/spotify/chapters.go:113.103,123.16 5 0
github.com/omegastreamtv/spotify/chapters.go:123.16,125.3 1 0
github.com/omegastreamtv/spotify/chapters.go:127.2,127.23 1 0
github.com/omegastreamtv/spotify/client.go:42.72,50.28 2 1
github.com/omegastreamtv/spotify/client.go:50.28,52.3 1 0
github.com/omegastreamtv/spotify/client.go:54.2,56.19 2 1
github.com/omegastreamtv/spotify/client.go:56.19,58.3 1 1
github.com/omegastreamtv/spotify/client.go:60.2,62.15 2 1
github.com/omegastreamtv/spotify/client.go:72.39,74.2 1 0
github.com/omegastreamtv/spotify/client.go:91.50,95.2 3 0
github.com/omegastreamtv/spotify/client.go:97.70,103.2 4 0
github.com/omegastreamtv/spotify/client.go:105.48,109.29 3 1
github.com/omegastreamtv/spotify/client.go:109.29,112.3 2 0
github.com/omegastreamtv/spotify/client.go:114.2,118.12 4 1
github.com/omegastreamtv/spotify/client.go:121.48,125.29 3 0
github.com/omegastreamtv/spotify/client.go:125.29,128.3 2 0
github.com/omegastreamtv/spotify/client.go:130.2,134.12 4 0
github.com/omegastreamtv/spotify/client.go:137.51,141.29 3 0
github.com/omegastreamtv/spotify/client.go:141.29,144.3 2 0
github.com/omegastreamtv/spotify/client.go:146.2,150.12 4 0
github.com/omegastreamtv/spotify/episodes.go:6.32,6.33 0 0
github.com/omegastreamtv/spotify/episodes.go:11.40,11.41 0 0
github.com/omegastreamtv/spotify/episodes.go:16.43,16.44 0 0
github.com/omegastreamtv/spotify/episodes.go:23.48,23.49 0 0
github.com/omegastreamtv/spotify/episodes.go:30.46,30.47 0 0
github.com/omegastreamtv/spotify/episodes.go:37.45,37.46 0 0
github.com/omegastreamtv/spotify/genres.go:8.84,14.16 4 0
github.com/omegastreamtv/spotify/genres.go:14.16,16.3 1 0
github.com/omegastreamtv/spotify/genres.go:18.2,18.21 1 0
github.com/omegastreamtv/spotify/markets.go:8.78,14.16 4 0
github.com/omegastreamtv/spotify/markets.go:14.16,16.3 1 0
github.com/omegastreamtv/spotify/markets.go:18.2,18.22 1 0
github.com/omegastreamtv/spotify/player.go:140.79,146.2 4 0
github.com/omegastreamtv/spotify/player.go:151.38,151.39 0 0
github.com/omegastreamtv/spotify/player.go:154.41,154.42 0 0
github.com/omegastreamtv/spotify/player.go:159.46,159.47 0 0
github.com/omegastreamtv/spotify/player.go:164.41,164.42 0 0
github.com/omegastreamtv/spotify/player.go:169.35,169.36 0 0
github.com/omegastreamtv/spotify/player.go:174.32,174.33 0 0
github.com/omegastreamtv/spotify/player.go:179.36,179.37 0 0
github.com/omegastreamtv/spotify/player.go:184.36,184.37 0 0
github.com/omegastreamtv/spotify/player.go:189.35,189.36 0 0
github.com/omegastreamtv/spotify/player.go:194.39,194.40 0 0
github.com/omegastreamtv/spotify/player.go:199.43,199.44 0 0
github.com/omegastreamtv/spotify/player.go:204.45,204.46 0 0
github.com/omegastreamtv/spotify/player.go:209.38,209.39 0 0
github.com/omegastreamtv/spotify/player.go:214.44,214.45 0 0
github.com/omegastreamtv/spotify/playlists.go:6.33,6.34 0 0
github.com/omegastreamtv/spotify/playlists.go:11.43,11.44 0 0
github.com/omegastreamtv/spotify/playlists.go:16.38,16.39 0 0
github.com/omegastreamtv/spotify/playlists.go:23.41,23.42 0 0
github.com/omegastreamtv/spotify/playlists.go:28.40,28.41 0 0
github.com/omegastreamtv/spotify/playlists.go:33.41,33.42 0 0
github.com/omegastreamtv/spotify/playlists.go:38.46,38.47 0 0
github.com/omegastreamtv/spotify/playlists.go:43.39,43.40 0 0
github.com/omegastreamtv/spotify/playlists.go:48.36,48.37 0 0
github.com/omegastreamtv/spotify/playlists.go:51.42,51.43 0 0
github.com/omegastreamtv/spotify/playlists.go:54.43,54.44 0 0
github.com/omegastreamtv/spotify/playlists.go:57.43,57.44 0 0
github.com/omegastreamtv/spotify/playlists.go:62.49,62.50 0 0
github.com/omegastreamtv/spotify/search.go:69.92,75.16 4 0
github.com/omegastreamtv/spotify/search.go:75.16,77.3 1 0
github.com/omegastreamtv/spotify/search.go:79.2,79.21 1 0
github.com/omegastreamtv/spotify/shows.go:8.29,8.30 0 0
github.com/omegastreamtv/spotify/shows.go:11.37,11.38 0 0
github.com/omegastreamtv/spotify/shows.go:14.37,14.38 0 0
github.com/omegastreamtv/spotify/shows.go:19.40,19.41 0 0
github.com/omegastreamtv/spotify/shows.go:24.45,24.46 0 0
github.com/omegastreamtv/spotify/shows.go:29.43,29.44 0 0
github.com/omegastreamtv/spotify/shows.go:34.42,34.43 0 0
github.com/omegastreamtv/spotify/tracks.go:283.80,293.16 5 0
github.com/omegastreamtv/spotify/tracks.go:293.16,295.3 1 0
github.com/omegastreamtv/spotify/tracks.go:297.2,297.20 1 0
github.com/omegastreamtv/spotify/tracks.go:317.99,328.16 5 0
github.com/omegastreamtv/spotify/tracks.go:328.16,330.3 1 0
github.com/omegastreamtv/spotify/tracks.go:332.2,332.21 1 0
github.com/omegastreamtv/spotify/tracks.go:357.114,369.16 5 0
github.com/omegastreamtv/spotify/tracks.go:369.16,371.3 1 0
github.com/omegastreamtv/spotify/tracks.go:373.2,373.21 1 0
github.com/omegastreamtv/spotify/tracks.go:391.63,405.16 6 0
github.com/omegastreamtv/spotify/tracks.go:405.16,407.3 1 0
github.com/omegastreamtv/spotify/tracks.go:409.2,409.12 1 0
github.com/omegastreamtv/spotify/tracks.go:427.61,441.16 6 0
github.com/omegastreamtv/spotify/tracks.go:441.16,443.3 1 0
github.com/omegastreamtv/spotify/tracks.go:445.2,445.12 1 0
github.com/omegastreamtv/spotify/tracks.go:458.94,468.16 5 0
github.com/omegastreamtv/spotify/tracks.go:468.16,470.3 1 0
github.com/omegastreamtv/spotify/tracks.go:472.2,472.24 1 0
github.com/omegastreamtv/spotify/tracks.go:485.106,495.16 5 0
github.com/omegastreamtv/spotify/tracks.go:495.16,497.3 1 0
github.com/omegastreamtv/spotify/tracks.go:499.2,499.23 1 0
github.com/omegastreamtv/spotify/tracks.go:509.105,515.16 4 0
github.com/omegastreamtv/spotify/tracks.go:515.16,517.3 1 0
github.com/omegastreamtv/spotify/tracks.go:519.2,519.23 1 0
github.com/omegastreamtv/spotify/tracks.go:527.93,533.16 4 0
github.com/omegastreamtv/spotify/tracks.go:533.16,535.3 1 0
github.com/omegastreamtv/spotify/tracks.go:537.2,537.23 1 0
github.com/omegastreamtv/spotify/tracks.go:671.106,677.16 4 0
github.com/omegastreamtv/spotify/tracks.go:677.16,679.3 1 0
github.com/omegastreamtv/spotify/tracks.go:681.2,681.19 1 0
github.com/omegastreamtv/spotify/users.go:6.44,6.45 0 0
github.com/omegastreamtv/spotify/users.go:11.38,11.39 0 0
github.com/omegastreamtv/spotify/users.go:14.37,14.38 0 0
github.com/omegastreamtv/spotify/users.go:19.36,19.37 0 0
github.com/omegastreamtv/spotify/users.go:24.38,24.39 0 0
github.com/omegastreamtv/spotify/users.go:29.40,29.41 0 0
github.com/omegastreamtv/spotify/users.go:34.42,34.43 0 0
github.com/omegastreamtv/spotify/users.go:39.44,39.45 0 0
github.com/omegastreamtv/spotify/users.go:44.54,44.55 0 0
github.com/omegastreamtv/spotify/users.go:47.48,47.49 0 0
